{"/home/prannoysarkar/Documents/Workspace/sms-parser/src/utils/DateUtil.ts": {"path":"/home/prannoysarkar/Documents/Workspace/sms-parser/src/utils/DateUtil.ts","statementMap":{"0":{"start":{"line":5,"column":0},"end":{"line":5,"column":30}},"1":{"start":{"line":9,"column":0},"end":{"line":9,"column":null}},"2":{"start":{"line":14,"column":2},"end":{"line":14,"column":null}},"3":{"start":{"line":15,"column":24},"end":{"line":15,"column":49}},"4":{"start":{"line":16,"column":2},"end":{"line":29,"column":null}},"5":{"start":{"line":17,"column":26},"end":{"line":17,"column":64}},"6":{"start":{"line":18,"column":4},"end":{"line":28,"column":null}},"7":{"start":{"line":19,"column":28},"end":{"line":19,"column":50}},"8":{"start":{"line":20,"column":6},"end":{"line":27,"column":null}},"9":{"start":{"line":21,"column":8},"end":{"line":21,"column":null}},"10":{"start":{"line":22,"column":8},"end":{"line":22,"column":null}},"11":{"start":{"line":23,"column":8},"end":{"line":23,"column":null}},"12":{"start":{"line":24,"column":8},"end":{"line":24,"column":null}},"13":{"start":{"line":25,"column":8},"end":{"line":25,"column":null}},"14":{"start":{"line":26,"column":8},"end":{"line":26,"column":30}},"15":{"start":{"line":26,"column":24},"end":{"line":26,"column":30}},"16":{"start":{"line":30,"column":2},"end":{"line":30,"column":null}},"17":{"start":{"line":12,"column":0},"end":{"line":12,"column":16}},"18":{"start":{"line":34,"column":2},"end":{"line":34,"column":null}},"19":{"start":{"line":36,"column":15},"end":{"line":36,"column":52}},"20":{"start":{"line":37,"column":2},"end":{"line":37,"column":null}},"21":{"start":{"line":38,"column":22},"end":{"line":38,"column":45}},"22":{"start":{"line":39,"column":2},"end":{"line":65,"column":null}},"23":{"start":{"line":40,"column":4},"end":{"line":40,"column":null}},"24":{"start":{"line":41,"column":4},"end":{"line":41,"column":null}},"25":{"start":{"line":43,"column":4},"end":{"line":47,"column":null}},"26":{"start":{"line":44,"column":6},"end":{"line":44,"column":null}},"27":{"start":{"line":45,"column":23},"end":{"line":45,"column":44}},"28":{"start":{"line":46,"column":6},"end":{"line":46,"column":null}},"29":{"start":{"line":48,"column":4},"end":{"line":48,"column":null}},"30":{"start":{"line":49,"column":4},"end":{"line":57,"column":null}},"31":{"start":{"line":50,"column":7},"end":{"line":50,"column":null}},"32":{"start":{"line":51,"column":7},"end":{"line":51,"column":null}},"33":{"start":{"line":52,"column":7},"end":{"line":52,"column":null}},"34":{"start":{"line":55,"column":6},"end":{"line":55,"column":null}},"35":{"start":{"line":56,"column":6},"end":{"line":56,"column":null}},"36":{"start":{"line":59,"column":4},"end":{"line":59,"column":null}},"37":{"start":{"line":60,"column":4},"end":{"line":60,"column":null}},"38":{"start":{"line":61,"column":4},"end":{"line":63,"column":null}},"39":{"start":{"line":62,"column":6},"end":{"line":62,"column":null}},"40":{"start":{"line":64,"column":4},"end":{"line":64,"column":null}},"41":{"start":{"line":33,"column":0},"end":{"line":33,"column":16}},"42":{"start":{"line":69,"column":17},"end":{"line":69,"column":45}},"43":{"start":{"line":70,"column":4},"end":{"line":70,"column":null}},"44":{"start":{"line":71,"column":4},"end":{"line":71,"column":null}},"45":{"start":{"line":72,"column":4},"end":{"line":72,"column":null}},"46":{"start":{"line":68,"column":0},"end":{"line":68,"column":22}},"47":{"start":{"line":76,"column":2},"end":{"line":76,"column":null}},"48":{"start":{"line":77,"column":2},"end":{"line":77,"column":null}},"49":{"start":{"line":75,"column":0},"end":{"line":75,"column":16}},"50":{"start":{"line":81,"column":17},"end":{"line":81,"column":33}},"51":{"start":{"line":82,"column":14},"end":{"line":82,"column":15}},"52":{"start":{"line":83,"column":13},"end":{"line":83,"column":26}},"53":{"start":{"line":84,"column":2},"end":{"line":91,"column":null}},"54":{"start":{"line":84,"column":13},"end":{"line":84,"column":14}},"55":{"start":{"line":85,"column":16},"end":{"line":85,"column":29}},"56":{"start":{"line":86,"column":15},"end":{"line":86,"column":26}},"57":{"start":{"line":87,"column":4},"end":{"line":90,"column":null}},"58":{"start":{"line":88,"column":6},"end":{"line":88,"column":null}},"59":{"start":{"line":89,"column":6},"end":{"line":89,"column":null}},"60":{"start":{"line":92,"column":2},"end":{"line":92,"column":null}},"61":{"start":{"line":80,"column":0},"end":{"line":80,"column":22}}},"fnMap":{"0":{"name":"parseDateTime","decl":{"start":{"line":12,"column":16},"end":{"line":12,"column":29}},"loc":{"start":{"line":12,"column":88},"end":{"line":31,"column":1}}},"1":{"name":"strictDateParsing","decl":{"start":{"line":33,"column":16},"end":{"line":33,"column":33}},"loc":{"start":{"line":33,"column":85},"end":{"line":66,"column":1}}},"2":{"name":"getTimeWithOffsetInMinutes","decl":{"start":{"line":68,"column":22},"end":{"line":68,"column":48}},"loc":{"start":{"line":68,"column":76},"end":{"line":73,"column":null}}},"3":{"name":"isHourMinuteSecondPresent","decl":{"start":{"line":75,"column":16},"end":{"line":75,"column":41}},"loc":{"start":{"line":75,"column":58},"end":{"line":78,"column":1}}},"4":{"name":"findClosestDate","decl":{"start":{"line":80,"column":22},"end":{"line":80,"column":37}},"loc":{"start":{"line":80,"column":60},"end":{"line":93,"column":null}}}},"branchMap":{"0":{"loc":{"start":{"line":16,"column":2},"end":{"line":29,"column":null}},"type":"if","locations":[{"start":{"line":16,"column":2},"end":{"line":29,"column":null}}]},"1":{"loc":{"start":{"line":17,"column":26},"end":{"line":17,"column":64}},"type":"cond-expr","locations":[{"start":{"line":17,"column":36},"end":{"line":17,"column":38}},{"start":{"line":17,"column":26},"end":{"line":17,"column":64}}]},"2":{"loc":{"start":{"line":17,"column":26},"end":{"line":17,"column":38}},"type":"binary-expr","locations":[{"start":{"line":17,"column":26},"end":{"line":17,"column":38}},{"start":{"line":17,"column":26},"end":{"line":17,"column":38}}]},"3":{"loc":{"start":{"line":18,"column":4},"end":{"line":28,"column":null}},"type":"if","locations":[{"start":{"line":18,"column":4},"end":{"line":28,"column":null}}]},"4":{"loc":{"start":{"line":26,"column":8},"end":{"line":26,"column":30}},"type":"if","locations":[{"start":{"line":26,"column":8},"end":{"line":26,"column":30}}]},"5":{"loc":{"start":{"line":39,"column":2},"end":{"line":65,"column":null}},"type":"if","locations":[{"start":{"line":39,"column":2},"end":{"line":65,"column":null}},{"start":{"line":58,"column":9},"end":{"line":65,"column":null}}]},"6":{"loc":{"start":{"line":43,"column":4},"end":{"line":47,"column":null}},"type":"if","locations":[{"start":{"line":43,"column":4},"end":{"line":47,"column":null}}]},"7":{"loc":{"start":{"line":49,"column":4},"end":{"line":57,"column":null}},"type":"if","locations":[{"start":{"line":49,"column":4},"end":{"line":57,"column":null}},{"start":{"line":54,"column":8},"end":{"line":57,"column":null}}]},"8":{"loc":{"start":{"line":61,"column":4},"end":{"line":63,"column":null}},"type":"if","locations":[{"start":{"line":61,"column":4},"end":{"line":63,"column":null}}]},"9":{"loc":{"start":{"line":77,"column":11},"end":{"line":77,"column":68}},"type":"binary-expr","locations":[{"start":{"line":77,"column":11},"end":{"line":77,"column":30}},{"start":{"line":77,"column":34},"end":{"line":77,"column":50}},{"start":{"line":77,"column":54},"end":{"line":77,"column":68}}]},"10":{"loc":{"start":{"line":87,"column":4},"end":{"line":90,"column":null}},"type":"if","locations":[{"start":{"line":87,"column":4},"end":{"line":90,"column":null}}]}},"s":{"0":1,"1":1,"2":0,"3":0,"4":0,"5":0,"6":0,"7":0,"8":0,"9":0,"10":0,"11":0,"12":0,"13":0,"14":0,"15":0,"16":0,"17":1,"18":1,"19":1,"20":1,"21":1,"22":1,"23":1,"24":1,"25":1,"26":0,"27":0,"28":0,"29":1,"30":1,"31":0,"32":0,"33":0,"34":1,"35":1,"36":0,"37":0,"38":0,"39":0,"40":0,"41":1,"42":0,"43":0,"44":0,"45":0,"46":1,"47":1,"48":1,"49":1,"50":0,"51":0,"52":0,"53":0,"54":0,"55":0,"56":0,"57":0,"58":0,"59":0,"60":0,"61":1},"f":{"0":0,"1":1,"2":0,"3":1,"4":0},"b":{"0":[0],"1":[0,0],"2":[0,0],"3":[0],"4":[0],"5":[1,0],"6":[0],"7":[0,1],"8":[0],"9":[1,1,1],"10":[0]}}
}
