TN:
SF:src/utils/DateUtil.ts
FN:12,parseDateTime
FN:33,strictDateParsing
FN:68,getTimeWithOffsetInMinutes
FN:75,isHourMinuteSecondPresent
FN:80,findClosestDate
FNF:5
FNH:2
FNDA:0,parseDateTime
FNDA:1,strictDateParsing
FNDA:0,getTimeWithOffsetInMinutes
FNDA:1,isHourMinuteSecondPresent
FNDA:0,findClosestDate
DA:5,1
DA:9,1
DA:12,1
DA:14,0
DA:15,0
DA:16,0
DA:17,0
DA:18,0
DA:19,0
DA:20,0
DA:21,0
DA:22,0
DA:23,0
DA:24,0
DA:25,0
DA:26,0
DA:30,0
DA:33,1
DA:34,1
DA:36,1
DA:37,1
DA:38,1
DA:39,1
DA:40,1
DA:41,1
DA:43,1
DA:44,0
DA:45,0
DA:46,0
DA:48,1
DA:49,1
DA:50,0
DA:51,0
DA:52,0
DA:55,1
DA:56,1
DA:59,0
DA:60,0
DA:61,0
DA:62,0
DA:64,0
DA:68,1
DA:69,0
DA:70,0
DA:71,0
DA:72,0
DA:75,1
DA:76,1
DA:77,1
DA:80,1
DA:81,0
DA:82,0
DA:83,0
DA:84,0
DA:85,0
DA:86,0
DA:87,0
DA:88,0
DA:89,0
DA:92,0
LF:60
LH:21
BRDA:16,0,0,0
BRDA:17,1,0,0
BRDA:17,1,1,0
BRDA:17,2,0,0
BRDA:17,2,1,0
BRDA:18,3,0,0
BRDA:26,4,0,0
BRDA:39,5,0,1
BRDA:39,5,1,0
BRDA:43,6,0,0
BRDA:49,7,0,0
BRDA:49,7,1,1
BRDA:61,8,0,0
BRDA:77,9,0,1
BRDA:77,9,1,1
BRDA:77,9,2,1
BRDA:87,10,0,0
BRF:17
BRH:5
end_of_record
